0 verbose cli /usr/local/bin/node /usr/local/bin/npm
1 info using npm@11.6.2
2 info using node@v24.11.1
3 silly config load:file:/usr/local/lib/node_modules/npm/npmrc
4 silly config load:file:/Users/ken/Desktop/mrt-server/.npmrc
5 silly config load:file:/Users/ken/.npmrc
6 silly config load:file:/usr/local/etc/npmrc
7 verbose title npm install xml2js
8 verbose argv "install" "xml2js"
9 verbose logfile logs-max:10 dir:/Users/ken/Desktop/mrt-server/.npm-cache/_logs/2025-12-04T14_30_59_663Z-
10 verbose logfile /Users/ken/Desktop/mrt-server/.npm-cache/_logs/2025-12-04T14_30_59_663Z-debug-0.log
11 silly logfile done cleaning log files
12 silly packumentCache heap:2348810240 maxSize:587202560 maxEntrySize:293601280
13 verbose shrinkwrap failed to load node_modules/.package-lock.json out of date, updated: node_modules
14 silly idealTree buildDeps
15 silly fetch manifest xml2js@*
16 silly packumentCache full:https://registry.npmjs.org/xml2js cache-miss
17 http fetch GET 200 https://registry.npmjs.org/xml2js 5902ms (cache miss)
18 silly packumentCache full:https://registry.npmjs.org/xml2js set size:undefined disposed:false
19 silly placeDep ROOT xml2js@0.6.2 OK for: mrt-server@1.0.0 want: *
20 silly fetch manifest sax@>=0.6.0
21 silly packumentCache full:https://registry.npmjs.org/sax cache-miss
22 silly fetch manifest xmlbuilder@~11.0.0
23 silly packumentCache full:https://registry.npmjs.org/xmlbuilder cache-miss
24 http fetch GET 200 https://registry.npmjs.org/sax 159ms (cache miss)
25 silly packumentCache full:https://registry.npmjs.org/sax set size:undefined disposed:false
26 http fetch GET 200 https://registry.npmjs.org/xmlbuilder 236ms (cache miss)
27 silly packumentCache full:https://registry.npmjs.org/xmlbuilder set size:undefined disposed:false
28 silly placeDep ROOT sax@1.4.3 OK for: xml2js@0.6.2 want: >=0.6.0
29 silly placeDep ROOT xmlbuilder@11.0.1 OK for: xml2js@0.6.2 want: ~11.0.0
30 silly reify moves {}
31 silly audit bulk request {
31 silly audit   accepts: [ '2.0.0' ],
31 silly audit   asynckit: [ '0.4.0' ],
31 silly audit   axios: [ '1.13.2' ],
31 silly audit   'body-parser': [ '2.2.1' ],
31 silly audit   bytes: [ '3.1.2' ],
31 silly audit   'call-bind-apply-helpers': [ '1.0.2' ],
31 silly audit   'call-bound': [ '1.0.4' ],
31 silly audit   'combined-stream': [ '1.0.8' ],
31 silly audit   'content-disposition': [ '1.0.1' ],
31 silly audit   'content-type': [ '1.0.5' ],
31 silly audit   cookie: [ '0.7.2' ],
31 silly audit   'cookie-signature': [ '1.2.2' ],
31 silly audit   cors: [ '2.8.5' ],
31 silly audit   debug: [ '4.4.3' ],
31 silly audit   'delayed-stream': [ '1.0.0' ],
31 silly audit   depd: [ '2.0.0' ],
31 silly audit   dotenv: [ '17.2.3' ],
31 silly audit   'dunder-proto': [ '1.0.1' ],
31 silly audit   'ee-first': [ '1.1.1' ],
31 silly audit   encodeurl: [ '2.0.0' ],
31 silly audit   'es-define-property': [ '1.0.1' ],
31 silly audit   'es-errors': [ '1.3.0' ],
31 silly audit   'es-object-atoms': [ '1.1.1' ],
31 silly audit   'es-set-tostringtag': [ '2.1.0' ],
31 silly audit   'escape-html': [ '1.0.3' ],
31 silly audit   etag: [ '1.8.1' ],
31 silly audit   express: [ '5.1.0' ],
31 silly audit   finalhandler: [ '2.1.0' ],
31 silly audit   'follow-redirects': [ '1.15.11' ],
31 silly audit   'form-data': [ '4.0.5' ],
31 silly audit   'mime-db': [ '1.52.0', '1.54.0' ],
31 silly audit   'mime-types': [ '2.1.35', '3.0.2' ],
31 silly audit   forwarded: [ '0.2.0' ],
31 silly audit   fresh: [ '2.0.0' ],
31 silly audit   'function-bind': [ '1.1.2' ],
31 silly audit   'get-intrinsic': [ '1.3.0' ],
31 silly audit   'get-proto': [ '1.0.1' ],
31 silly audit   gopd: [ '1.2.0' ],
31 silly audit   'has-symbols': [ '1.1.0' ],
31 silly audit   'has-tostringtag': [ '1.0.2' ],
31 silly audit   hasown: [ '2.0.2' ],
31 silly audit   'http-errors': [ '2.0.1' ],
31 silly audit   'iconv-lite': [ '0.7.0' ],
31 silly audit   inherits: [ '2.0.4' ],
31 silly audit   'ipaddr.js': [ '1.9.1' ],
31 silly audit   'is-promise': [ '4.0.0' ],
31 silly audit   'math-intrinsics': [ '1.1.0' ],
31 silly audit   'media-typer': [ '1.1.0' ],
31 silly audit   'merge-descriptors': [ '2.0.0' ],
31 silly audit   ms: [ '2.1.3' ],
31 silly audit   negotiator: [ '1.0.0' ],
31 silly audit   'object-assign': [ '4.1.1' ],
31 silly audit   'object-inspect': [ '1.13.4' ],
31 silly audit   'on-finished': [ '2.4.1' ],
31 silly audit   once: [ '1.4.0' ],
31 silly audit   parseurl: [ '1.3.3' ],
31 silly audit   'path-to-regexp': [ '8.3.0' ],
31 silly audit   'proxy-addr': [ '2.0.7' ],
31 silly audit   'proxy-from-env': [ '1.1.0' ],
31 silly audit   qs: [ '6.14.0' ],
31 silly audit   'range-parser': [ '1.2.1' ],
31 silly audit   'raw-body': [ '3.0.2' ],
31 silly audit   router: [ '2.2.0' ],
31 silly audit   'safer-buffer': [ '2.1.2' ],
31 silly audit   send: [ '1.2.0' ],
31 silly audit   'serve-static': [ '2.2.0' ],
31 silly audit   setprototypeof: [ '1.2.0' ],
31 silly audit   'side-channel': [ '1.1.0' ],
31 silly audit   'side-channel-list': [ '1.0.0' ],
31 silly audit   'side-channel-map': [ '1.0.1' ],
31 silly audit   'side-channel-weakmap': [ '1.0.2' ],
31 silly audit   statuses: [ '2.0.2' ],
31 silly audit   toidentifier: [ '1.0.1' ],
31 silly audit   'type-is': [ '2.0.1' ],
31 silly audit   unpipe: [ '1.0.0' ],
31 silly audit   vary: [ '1.1.2' ],
31 silly audit   wrappy: [ '1.0.2' ],
31 silly audit   xml2js: [ '0.6.2' ],
31 silly audit   sax: [ '1.4.3' ],
31 silly audit   xmlbuilder: [ '11.0.1' ]
31 silly audit }
32 http cache xmlbuilder@https://registry.npmjs.org/xmlbuilder/-/xmlbuilder-11.0.1.tgz 0ms (cache hit)
33 http cache sax@https://registry.npmjs.org/sax/-/sax-1.4.3.tgz 1ms (cache hit)
34 http cache xml2js@https://registry.npmjs.org/xml2js/-/xml2js-0.6.2.tgz 0ms (cache hit)
35 silly tarball no local data for xmlbuilder@https://registry.npmjs.org/xmlbuilder/-/xmlbuilder-11.0.1.tgz. Extracting by manifest.
36 silly tarball no local data for xml2js@https://registry.npmjs.org/xml2js/-/xml2js-0.6.2.tgz. Extracting by manifest.
37 silly tarball no local data for sax@https://registry.npmjs.org/sax/-/sax-1.4.3.tgz. Extracting by manifest.
38 http fetch GET 200 https://registry.npmjs.org/sax/-/sax-1.4.3.tgz 140ms (cache miss)
39 http fetch GET 200 https://registry.npmjs.org/xmlbuilder/-/xmlbuilder-11.0.1.tgz 151ms (cache miss)
40 http fetch GET 200 https://registry.npmjs.org/npm 6464ms
41 http fetch POST 200 https://registry.npmjs.org/-/npm/v1/security/advisories/bulk 469ms
42 silly audit report {}
43 http fetch GET 200 https://registry.npmjs.org/xml2js/-/xml2js-0.6.2.tgz 611ms (cache miss)
44 silly ADD node_modules/xmlbuilder
45 silly ADD node_modules/sax
46 silly ADD node_modules/xml2js
47 verbose cwd /Users/ken/Desktop/mrt-server
48 verbose os Darwin 25.1.0
49 verbose node v24.11.1
50 verbose npm  v11.6.2
51 notice
51 notice New [36mpatch[39m version of npm available! [36m11.6.2[39m -> [34m11.6.4[39m
51 notice Changelog: [34mhttps://github.com/npm/cli/releases/tag/v11.6.4[39m
51 notice To update run: [4mnpm install -g npm@11.6.4[24m
51 notice  { force: true, Symbol(proc-log.meta): true }
52 verbose exit 0
53 info ok
