0 verbose cli /usr/local/bin/node /usr/local/bin/npm
1 info using npm@11.6.2
2 info using node@v24.11.1
3 silly config load:file:/usr/local/lib/node_modules/npm/npmrc
4 silly config load:file:/Users/ken/Desktop/mrt-server/.npmrc
5 silly config load:file:/Users/ken/.npmrc
6 silly config load:file:/usr/local/etc/npmrc
7 verbose title npm install express axios cors dotenv
8 verbose argv "install" "express" "axios" "cors" "dotenv"
9 verbose logfile logs-max:10 dir:/Users/ken/Desktop/mrt-server/.npm-cache/_logs/2025-11-25T13_49_38_203Z-
10 verbose logfile /Users/ken/Desktop/mrt-server/.npm-cache/_logs/2025-11-25T13_49_38_203Z-debug-0.log
11 silly logfile done cleaning log files
12 silly packumentCache heap:2348810240 maxSize:587202560 maxEntrySize:293601280
13 silly idealTree buildDeps
14 silly fetch manifest express@*
15 silly packumentCache full:https://registry.npmjs.org/express cache-miss
16 http fetch GET 200 https://registry.npmjs.org/express 436ms (cache miss)
17 silly packumentCache full:https://registry.npmjs.org/express set size:undefined disposed:false
18 silly fetch manifest axios@*
19 silly packumentCache full:https://registry.npmjs.org/axios cache-miss
20 http fetch GET 200 https://registry.npmjs.org/axios 86ms (cache miss)
21 silly packumentCache full:https://registry.npmjs.org/axios set size:undefined disposed:false
22 silly fetch manifest cors@*
23 silly packumentCache full:https://registry.npmjs.org/cors cache-miss
24 http fetch GET 200 https://registry.npmjs.org/cors 63ms (cache miss)
25 silly packumentCache full:https://registry.npmjs.org/cors set size:undefined disposed:false
26 silly fetch manifest dotenv@*
27 silly packumentCache full:https://registry.npmjs.org/dotenv cache-miss
28 http fetch GET 200 https://registry.npmjs.org/dotenv 101ms (cache miss)
29 silly packumentCache full:https://registry.npmjs.org/dotenv set size:undefined disposed:false
30 silly placeDep ROOT axios@1.13.2 OK for: mrt-server@1.0.0 want: *
31 silly placeDep ROOT cors@2.8.5 OK for: mrt-server@1.0.0 want: *
32 silly placeDep ROOT dotenv@17.2.3 OK for: mrt-server@1.0.0 want: *
33 silly placeDep ROOT express@5.1.0 OK for: mrt-server@1.0.0 want: *
34 silly fetch manifest follow-redirects@^1.15.6
35 silly packumentCache full:https://registry.npmjs.org/follow-redirects cache-miss
36 silly fetch manifest form-data@^4.0.4
37 silly packumentCache full:https://registry.npmjs.org/form-data cache-miss
38 silly fetch manifest proxy-from-env@^1.1.0
39 silly packumentCache full:https://registry.npmjs.org/proxy-from-env cache-miss
40 silly fetch manifest vary@^1
41 silly packumentCache full:https://registry.npmjs.org/vary cache-miss
42 silly fetch manifest object-assign@^4
43 silly packumentCache full:https://registry.npmjs.org/object-assign cache-miss
44 silly fetch manifest qs@^6.14.0
45 silly packumentCache full:https://registry.npmjs.org/qs cache-miss
46 silly fetch manifest etag@^1.8.1
47 silly packumentCache full:https://registry.npmjs.org/etag cache-miss
48 http fetch GET 200 https://registry.npmjs.org/follow-redirects 83ms (cache miss)
49 silly packumentCache full:https://registry.npmjs.org/follow-redirects set size:undefined disposed:false
50 silly fetch manifest once@^1.4.0
51 silly packumentCache full:https://registry.npmjs.org/once cache-miss
52 http fetch GET 200 https://registry.npmjs.org/once 45ms (cache miss)
53 silly packumentCache full:https://registry.npmjs.org/once set size:undefined disposed:false
54 silly fetch manifest send@^1.1.0
55 silly packumentCache full:https://registry.npmjs.org/send cache-miss
56 http fetch GET 200 https://registry.npmjs.org/form-data 134ms (cache miss)
57 silly packumentCache full:https://registry.npmjs.org/form-data set size:undefined disposed:false
58 silly fetch manifest vary@^1.1.2
59 silly packumentCache full:https://registry.npmjs.org/vary cache-miss
60 http fetch GET 200 https://registry.npmjs.org/vary 148ms (cache miss)
61 silly packumentCache full:https://registry.npmjs.org/vary set size:undefined disposed:false
62 silly fetch manifest debug@^4.4.0
63 silly packumentCache full:https://registry.npmjs.org/debug cache-miss
64 http fetch GET 200 https://registry.npmjs.org/object-assign 150ms (cache miss)
65 silly packumentCache full:https://registry.npmjs.org/object-assign set size:undefined disposed:false
66 silly fetch manifest fresh@^2.0.0
67 silly packumentCache full:https://registry.npmjs.org/fresh cache-miss
68 http fetch GET 200 https://registry.npmjs.org/proxy-from-env 161ms (cache miss)
69 silly packumentCache full:https://registry.npmjs.org/proxy-from-env set size:undefined disposed:false
70 silly fetch manifest cookie@^0.7.1
71 silly packumentCache full:https://registry.npmjs.org/cookie cache-miss
72 http fetch GET 200 https://registry.npmjs.org/etag 164ms (cache miss)
73 silly packumentCache full:https://registry.npmjs.org/etag set size:undefined disposed:false
74 silly fetch manifest router@^2.2.0
75 silly packumentCache full:https://registry.npmjs.org/router cache-miss
76 http fetch GET 200 https://registry.npmjs.org/qs 175ms (cache miss)
77 silly packumentCache full:https://registry.npmjs.org/qs set size:undefined disposed:false
78 silly fetch manifest accepts@^2.0.0
79 silly packumentCache full:https://registry.npmjs.org/accepts cache-miss
80 http fetch GET 200 https://registry.npmjs.org/vary 56ms (cache miss)
81 silly packumentCache full:https://registry.npmjs.org/vary set size:undefined disposed:false
82 silly fetch manifest type-is@^2.0.1
83 silly packumentCache full:https://registry.npmjs.org/type-is cache-miss
84 http fetch GET 200 https://registry.npmjs.org/send 71ms (cache miss)
85 silly packumentCache full:https://registry.npmjs.org/send set size:undefined disposed:false
86 silly fetch manifest parseurl@^1.3.3
87 silly packumentCache full:https://registry.npmjs.org/parseurl cache-miss
88 http fetch GET 200 https://registry.npmjs.org/debug 67ms (cache miss)
89 silly packumentCache full:https://registry.npmjs.org/debug set size:undefined disposed:false
90 silly fetch manifest statuses@^2.0.1
91 silly packumentCache full:https://registry.npmjs.org/statuses cache-miss
92 http fetch GET 200 https://registry.npmjs.org/fresh 77ms (cache miss)
93 silly packumentCache full:https://registry.npmjs.org/fresh set size:undefined disposed:false
94 silly fetch manifest encodeurl@^2.0.0
95 silly packumentCache full:https://registry.npmjs.org/encodeurl cache-miss
96 http fetch GET 200 https://registry.npmjs.org/accepts 60ms (cache miss)
97 silly packumentCache full:https://registry.npmjs.org/accepts set size:undefined disposed:false
98 silly fetch manifest mime-types@^3.0.0
99 silly packumentCache full:https://registry.npmjs.org/mime-types cache-miss
100 http fetch GET 200 https://registry.npmjs.org/cookie 84ms (cache miss)
101 silly packumentCache full:https://registry.npmjs.org/cookie set size:undefined disposed:false
102 silly fetch manifest proxy-addr@^2.0.7
103 silly packumentCache full:https://registry.npmjs.org/proxy-addr cache-miss
104 http fetch GET 200 https://registry.npmjs.org/parseurl 55ms (cache miss)
105 silly packumentCache full:https://registry.npmjs.org/parseurl set size:undefined disposed:false
106 silly fetch manifest body-parser@^2.2.0
107 silly packumentCache full:https://registry.npmjs.org/body-parser cache-miss
108 http fetch GET 200 https://registry.npmjs.org/type-is 65ms (cache miss)
109 silly packumentCache full:https://registry.npmjs.org/type-is set size:undefined disposed:false
110 silly fetch manifest escape-html@^1.0.3
111 silly packumentCache full:https://registry.npmjs.org/escape-html cache-miss
112 http fetch GET 200 https://registry.npmjs.org/statuses 57ms (cache miss)
113 silly packumentCache full:https://registry.npmjs.org/statuses set size:undefined disposed:false
114 silly fetch manifest http-errors@^2.0.0
115 silly packumentCache full:https://registry.npmjs.org/http-errors cache-miss
116 http fetch GET 200 https://registry.npmjs.org/encodeurl 64ms (cache miss)
117 silly packumentCache full:https://registry.npmjs.org/encodeurl set size:undefined disposed:false
118 silly fetch manifest on-finished@^2.4.1
119 silly packumentCache full:https://registry.npmjs.org/on-finished cache-miss
120 http fetch GET 200 https://registry.npmjs.org/mime-types 54ms (cache miss)
121 silly packumentCache full:https://registry.npmjs.org/mime-types set size:undefined disposed:false
122 silly fetch manifest content-type@^1.0.5
123 silly packumentCache full:https://registry.npmjs.org/content-type cache-miss
124 http fetch GET 200 https://registry.npmjs.org/body-parser 56ms (cache miss)
125 silly packumentCache full:https://registry.npmjs.org/body-parser set size:undefined disposed:false
126 silly fetch manifest finalhandler@^2.1.0
127 silly packumentCache full:https://registry.npmjs.org/finalhandler cache-miss
128 http fetch GET 200 https://registry.npmjs.org/escape-html 58ms (cache miss)
129 silly packumentCache full:https://registry.npmjs.org/escape-html set size:undefined disposed:false
130 silly fetch manifest range-parser@^1.2.1
131 silly packumentCache full:https://registry.npmjs.org/range-parser cache-miss
132 http fetch GET 200 https://registry.npmjs.org/proxy-addr 73ms (cache miss)
133 silly packumentCache full:https://registry.npmjs.org/proxy-addr set size:undefined disposed:false
134 silly fetch manifest serve-static@^2.2.0
135 silly packumentCache full:https://registry.npmjs.org/serve-static cache-miss
136 http fetch GET 200 https://registry.npmjs.org/http-errors 50ms (cache miss)
137 silly packumentCache full:https://registry.npmjs.org/http-errors set size:undefined disposed:false
138 silly fetch manifest cookie-signature@^1.2.1
139 silly packumentCache full:https://registry.npmjs.org/cookie-signature cache-miss
140 http fetch GET 200 https://registry.npmjs.org/content-type 47ms (cache miss)
141 silly packumentCache full:https://registry.npmjs.org/content-type set size:undefined disposed:false
142 silly fetch manifest merge-descriptors@^2.0.0
143 silly packumentCache full:https://registry.npmjs.org/merge-descriptors cache-miss
144 http fetch GET 200 https://registry.npmjs.org/on-finished 49ms (cache miss)
145 silly packumentCache full:https://registry.npmjs.org/on-finished set size:undefined disposed:false
146 silly fetch manifest content-disposition@^1.0.0
147 silly packumentCache full:https://registry.npmjs.org/content-disposition cache-miss
148 http fetch GET 200 https://registry.npmjs.org/finalhandler 69ms (cache miss)
149 silly packumentCache full:https://registry.npmjs.org/finalhandler set size:undefined disposed:false
150 http fetch GET 200 https://registry.npmjs.org/serve-static 73ms (cache miss)
151 silly packumentCache full:https://registry.npmjs.org/serve-static set size:undefined disposed:false
152 http fetch GET 200 https://registry.npmjs.org/cookie-signature 67ms (cache miss)
153 silly packumentCache full:https://registry.npmjs.org/cookie-signature set size:undefined disposed:false
154 http fetch GET 200 https://registry.npmjs.org/merge-descriptors 55ms (cache miss)
155 silly packumentCache full:https://registry.npmjs.org/merge-descriptors set size:undefined disposed:false
156 http fetch GET 200 https://registry.npmjs.org/content-disposition 59ms (cache miss)
157 silly packumentCache full:https://registry.npmjs.org/content-disposition set size:undefined disposed:false
158 http fetch GET 200 https://registry.npmjs.org/range-parser 109ms (cache miss)
159 silly packumentCache full:https://registry.npmjs.org/range-parser set size:undefined disposed:false
160 http fetch GET 200 https://registry.npmjs.org/router 423ms (cache miss)
161 silly packumentCache full:https://registry.npmjs.org/router set size:undefined disposed:false
162 silly placeDep ROOT follow-redirects@1.15.11 OK for: axios@1.13.2 want: ^1.15.6
163 silly placeDep ROOT form-data@4.0.5 OK for: axios@1.13.2 want: ^4.0.4
164 silly placeDep ROOT proxy-from-env@1.1.0 OK for: axios@1.13.2 want: ^1.1.0
165 silly fetch manifest asynckit@^0.4.0
166 silly packumentCache full:https://registry.npmjs.org/asynckit cache-miss
167 silly fetch manifest combined-stream@^1.0.8
168 silly packumentCache full:https://registry.npmjs.org/combined-stream cache-miss
169 silly fetch manifest es-set-tostringtag@^2.1.0
170 silly packumentCache full:https://registry.npmjs.org/es-set-tostringtag cache-miss
171 silly fetch manifest hasown@^2.0.2
172 silly packumentCache full:https://registry.npmjs.org/hasown cache-miss
173 silly fetch manifest mime-types@^2.1.12
174 silly packumentCache full:https://registry.npmjs.org/mime-types cache-miss
175 http cache https://registry.npmjs.org/mime-types 8ms (cache hit)
176 silly packumentCache full:https://registry.npmjs.org/mime-types set size:139110 disposed:false
177 http fetch GET 200 https://registry.npmjs.org/es-set-tostringtag 46ms (cache miss)
178 silly packumentCache full:https://registry.npmjs.org/es-set-tostringtag set size:undefined disposed:false
179 http fetch GET 200 https://registry.npmjs.org/hasown 57ms (cache miss)
180 silly packumentCache full:https://registry.npmjs.org/hasown set size:undefined disposed:false
181 http fetch GET 200 https://registry.npmjs.org/combined-stream 64ms (cache miss)
182 silly packumentCache full:https://registry.npmjs.org/combined-stream set size:undefined disposed:false
183 http fetch GET 200 https://registry.npmjs.org/asynckit 67ms (cache miss)
184 silly packumentCache full:https://registry.npmjs.org/asynckit set size:undefined disposed:false
185 silly placeDep ROOT object-assign@4.1.1 OK for: cors@2.8.5 want: ^4
186 silly placeDep ROOT vary@1.1.2 OK for: cors@2.8.5 want: ^1
187 silly placeDep ROOT accepts@2.0.0 OK for: express@5.1.0 want: ^2.0.0
188 silly placeDep ROOT body-parser@2.2.1 OK for: express@5.1.0 want: ^2.2.0
189 silly placeDep ROOT content-disposition@1.0.1 OK for: express@5.1.0 want: ^1.0.0
190 silly placeDep ROOT content-type@1.0.5 OK for: express@5.1.0 want: ^1.0.5
191 silly placeDep ROOT cookie@0.7.2 OK for: express@5.1.0 want: ^0.7.1
192 silly placeDep ROOT cookie-signature@1.2.2 OK for: express@5.1.0 want: ^1.2.1
193 silly placeDep ROOT debug@4.4.3 OK for: express@5.1.0 want: ^4.4.0
194 silly placeDep ROOT encodeurl@2.0.0 OK for: express@5.1.0 want: ^2.0.0
195 silly placeDep ROOT escape-html@1.0.3 OK for: express@5.1.0 want: ^1.0.3
196 silly placeDep ROOT etag@1.8.1 OK for: express@5.1.0 want: ^1.8.1
197 silly placeDep ROOT finalhandler@2.1.0 OK for: express@5.1.0 want: ^2.1.0
198 silly placeDep ROOT fresh@2.0.0 OK for: express@5.1.0 want: ^2.0.0
199 silly placeDep ROOT http-errors@2.0.1 OK for: express@5.1.0 want: ^2.0.0
200 silly placeDep ROOT merge-descriptors@2.0.0 OK for: express@5.1.0 want: ^2.0.0
201 silly placeDep ROOT mime-types@3.0.2 OK for: express@5.1.0 want: ^3.0.0
202 silly placeDep ROOT on-finished@2.4.1 OK for: express@5.1.0 want: ^2.4.1
203 silly placeDep ROOT once@1.4.0 OK for: express@5.1.0 want: ^1.4.0
204 silly placeDep ROOT parseurl@1.3.3 OK for: express@5.1.0 want: ^1.3.3
205 silly placeDep ROOT proxy-addr@2.0.7 OK for: express@5.1.0 want: ^2.0.7
206 silly placeDep ROOT qs@6.14.0 OK for: express@5.1.0 want: ^6.14.0
207 silly placeDep ROOT range-parser@1.2.1 OK for: express@5.1.0 want: ^1.2.1
208 silly placeDep ROOT router@2.2.0 OK for: express@5.1.0 want: ^2.2.0
209 silly placeDep ROOT send@1.2.0 OK for: express@5.1.0 want: ^1.1.0
210 silly placeDep ROOT serve-static@2.2.0 OK for: express@5.1.0 want: ^2.2.0
211 silly placeDep ROOT statuses@2.0.2 OK for: express@5.1.0 want: ^2.0.1
212 silly placeDep ROOT type-is@2.0.1 OK for: express@5.1.0 want: ^2.0.1
213 silly fetch manifest negotiator@^1.0.0
214 silly packumentCache full:https://registry.npmjs.org/negotiator cache-miss
215 silly fetch manifest bytes@^3.1.2
216 silly packumentCache full:https://registry.npmjs.org/bytes cache-miss
217 silly fetch manifest debug@^4.4.3
218 silly packumentCache full:https://registry.npmjs.org/debug cache-miss
219 silly fetch manifest iconv-lite@^0.7.0
220 silly packumentCache full:https://registry.npmjs.org/iconv-lite cache-miss
221 silly fetch manifest raw-body@^3.0.1
222 silly packumentCache full:https://registry.npmjs.org/raw-body cache-miss
223 silly fetch manifest ms@^2.1.3
224 silly packumentCache full:https://registry.npmjs.org/ms cache-miss
225 silly fetch manifest depd@~2.0.0
226 silly packumentCache full:https://registry.npmjs.org/depd cache-miss
227 http cache https://registry.npmjs.org/debug 6ms (cache hit)
228 silly packumentCache full:https://registry.npmjs.org/debug set size:195840 disposed:false
229 silly fetch manifest inherits@~2.0.4
230 silly packumentCache full:https://registry.npmjs.org/inherits cache-miss
231 http fetch GET 200 https://registry.npmjs.org/ms 48ms (cache miss)
232 silly packumentCache full:https://registry.npmjs.org/ms set size:undefined disposed:false
233 silly fetch manifest setprototypeof@~1.2.0
234 silly packumentCache full:https://registry.npmjs.org/setprototypeof cache-miss
235 http fetch GET 200 https://registry.npmjs.org/bytes 52ms (cache miss)
236 silly packumentCache full:https://registry.npmjs.org/bytes set size:undefined disposed:false
237 silly fetch manifest statuses@~2.0.2
238 silly packumentCache full:https://registry.npmjs.org/statuses cache-miss
239 http cache https://registry.npmjs.org/statuses 2ms (cache hit)
240 silly packumentCache full:https://registry.npmjs.org/statuses set size:37117 disposed:false
241 silly fetch manifest toidentifier@~1.0.1
242 silly packumentCache full:https://registry.npmjs.org/toidentifier cache-miss
243 http fetch GET 200 https://registry.npmjs.org/iconv-lite 57ms (cache miss)
244 silly packumentCache full:https://registry.npmjs.org/iconv-lite set size:undefined disposed:false
245 silly fetch manifest mime-db@^1.54.0
246 silly packumentCache full:https://registry.npmjs.org/mime-db cache-miss
247 http fetch GET 200 https://registry.npmjs.org/negotiator 62ms (cache miss)
248 silly packumentCache full:https://registry.npmjs.org/negotiator set size:undefined disposed:false
249 silly fetch manifest ee-first@1.1.1
250 silly packumentCache full:https://registry.npmjs.org/ee-first cache-miss
251 http fetch GET 200 https://registry.npmjs.org/depd 67ms (cache miss)
252 silly packumentCache full:https://registry.npmjs.org/depd set size:undefined disposed:false
253 silly fetch manifest wrappy@1
254 silly packumentCache full:https://registry.npmjs.org/wrappy cache-miss
255 http fetch GET 200 https://registry.npmjs.org/setprototypeof 49ms (cache miss)
256 silly packumentCache full:https://registry.npmjs.org/setprototypeof set size:undefined disposed:false
257 silly fetch manifest forwarded@0.2.0
258 silly packumentCache full:https://registry.npmjs.org/forwarded cache-miss
259 http fetch GET 200 https://registry.npmjs.org/ee-first 44ms (cache miss)
260 silly packumentCache full:https://registry.npmjs.org/ee-first set size:undefined disposed:false
261 silly fetch manifest ipaddr.js@1.9.1
262 silly packumentCache full:https://registry.npmjs.org/ipaddr.js cache-miss
263 http fetch GET 200 https://registry.npmjs.org/mime-db 62ms (cache miss)
264 silly packumentCache full:https://registry.npmjs.org/mime-db set size:undefined disposed:false
265 silly fetch manifest side-channel@^1.1.0
266 silly packumentCache full:https://registry.npmjs.org/side-channel cache-miss
267 http fetch GET 200 https://registry.npmjs.org/toidentifier 69ms (cache miss)
268 silly packumentCache full:https://registry.npmjs.org/toidentifier set size:undefined disposed:false
269 silly fetch manifest depd@^2.0.0
270 silly packumentCache full:https://registry.npmjs.org/depd cache-miss
271 http cache https://registry.npmjs.org/depd 1ms (cache hit)
272 silly packumentCache full:https://registry.npmjs.org/depd set size:40182 disposed:false
273 silly fetch manifest is-promise@^4.0.0
274 silly packumentCache full:https://registry.npmjs.org/is-promise cache-miss
275 http fetch GET 200 https://registry.npmjs.org/wrappy 62ms (cache miss)
276 silly packumentCache full:https://registry.npmjs.org/wrappy set size:undefined disposed:false
277 silly fetch manifest path-to-regexp@^8.0.0
278 silly packumentCache full:https://registry.npmjs.org/path-to-regexp cache-miss
279 http fetch GET 200 https://registry.npmjs.org/forwarded 45ms (cache miss)
280 silly packumentCache full:https://registry.npmjs.org/forwarded set size:undefined disposed:false
281 silly fetch manifest media-typer@^1.1.0
282 silly packumentCache full:https://registry.npmjs.org/media-typer cache-miss
283 http fetch GET 200 https://registry.npmjs.org/ipaddr.js 46ms (cache miss)
284 silly packumentCache full:https://registry.npmjs.org/ipaddr.js set size:undefined disposed:false
285 http fetch GET 200 https://registry.npmjs.org/inherits 163ms (cache miss)
286 silly packumentCache full:https://registry.npmjs.org/inherits set size:undefined disposed:false
287 http fetch GET 200 https://registry.npmjs.org/is-promise 47ms (cache miss)
288 silly packumentCache full:https://registry.npmjs.org/is-promise set size:undefined disposed:false
289 http fetch GET 200 https://registry.npmjs.org/side-channel 56ms (cache miss)
290 silly packumentCache full:https://registry.npmjs.org/side-channel set size:undefined disposed:false
291 http fetch GET 200 https://registry.npmjs.org/media-typer 40ms (cache miss)
292 silly packumentCache full:https://registry.npmjs.org/media-typer set size:undefined disposed:false
293 http fetch GET 200 https://registry.npmjs.org/path-to-regexp 96ms (cache miss)
294 silly packumentCache full:https://registry.npmjs.org/path-to-regexp set size:undefined disposed:false
295 http fetch GET 200 https://registry.npmjs.org/raw-body 229ms (cache miss)
296 silly packumentCache full:https://registry.npmjs.org/raw-body set size:undefined disposed:false
297 silly placeDep ROOT negotiator@1.0.0 OK for: accepts@2.0.0 want: ^1.0.0
298 silly placeDep ROOT bytes@3.1.2 OK for: body-parser@2.2.1 want: ^3.1.2
299 silly placeDep ROOT iconv-lite@0.7.0 OK for: body-parser@2.2.1 want: ^0.7.0
300 silly placeDep ROOT raw-body@3.0.2 OK for: body-parser@2.2.1 want: ^3.0.1
301 silly fetch manifest safer-buffer@>= 2.1.2 < 3.0.0
302 silly packumentCache full:https://registry.npmjs.org/safer-buffer cache-miss
303 silly fetch manifest unpipe@~1.0.0
304 silly packumentCache full:https://registry.npmjs.org/unpipe cache-miss
305 http fetch GET 200 https://registry.npmjs.org/safer-buffer 46ms (cache miss)
306 silly packumentCache full:https://registry.npmjs.org/safer-buffer set size:undefined disposed:false
307 http fetch GET 200 https://registry.npmjs.org/unpipe 54ms (cache miss)
308 silly packumentCache full:https://registry.npmjs.org/unpipe set size:undefined disposed:false
309 silly placeDep ROOT ms@2.1.3 OK for: debug@4.4.3 want: ^2.1.3
310 silly placeDep ROOT asynckit@0.4.0 OK for: form-data@4.0.5 want: ^0.4.0
311 silly placeDep ROOT combined-stream@1.0.8 OK for: form-data@4.0.5 want: ^1.0.8
312 silly placeDep ROOT es-set-tostringtag@2.1.0 OK for: form-data@4.0.5 want: ^2.1.0
313 silly placeDep ROOT hasown@2.0.2 OK for: form-data@4.0.5 want: ^2.0.2
314 silly placeDep node_modules/form-data mime-types@2.1.35 OK for: form-data@4.0.5 want: ^2.1.12
315 silly fetch manifest delayed-stream@~1.0.0
316 silly packumentCache full:https://registry.npmjs.org/delayed-stream cache-miss
317 silly fetch manifest es-errors@^1.3.0
318 silly packumentCache full:https://registry.npmjs.org/es-errors cache-miss
319 silly fetch manifest get-intrinsic@^1.2.6
320 silly packumentCache full:https://registry.npmjs.org/get-intrinsic cache-miss
321 silly fetch manifest has-tostringtag@^1.0.2
322 silly packumentCache full:https://registry.npmjs.org/has-tostringtag cache-miss
323 silly fetch manifest function-bind@^1.1.2
324 silly packumentCache full:https://registry.npmjs.org/function-bind cache-miss
325 silly fetch manifest mime-db@1.52.0
326 silly packumentCache full:https://registry.npmjs.org/mime-db cache-miss
327 http cache https://registry.npmjs.org/mime-db 4ms (cache hit)
328 silly packumentCache full:https://registry.npmjs.org/mime-db set size:164953 disposed:false
329 http fetch GET 200 https://registry.npmjs.org/delayed-stream 44ms (cache miss)
330 silly packumentCache full:https://registry.npmjs.org/delayed-stream set size:undefined disposed:false
331 http fetch GET 200 https://registry.npmjs.org/es-errors 52ms (cache miss)
332 silly packumentCache full:https://registry.npmjs.org/es-errors set size:undefined disposed:false
333 http fetch GET 200 https://registry.npmjs.org/get-intrinsic 53ms (cache miss)
334 silly packumentCache full:https://registry.npmjs.org/get-intrinsic set size:undefined disposed:false
335 http fetch GET 200 https://registry.npmjs.org/function-bind 64ms (cache miss)
336 silly packumentCache full:https://registry.npmjs.org/function-bind set size:undefined disposed:false
337 http fetch GET 200 https://registry.npmjs.org/has-tostringtag 70ms (cache miss)
338 silly packumentCache full:https://registry.npmjs.org/has-tostringtag set size:undefined disposed:false
339 silly placeDep ROOT delayed-stream@1.0.0 OK for: combined-stream@1.0.8 want: ~1.0.0
340 silly placeDep ROOT es-errors@1.3.0 OK for: es-set-tostringtag@2.1.0 want: ^1.3.0
341 silly placeDep ROOT get-intrinsic@1.3.0 OK for: es-set-tostringtag@2.1.0 want: ^1.2.6
342 silly placeDep ROOT has-tostringtag@1.0.2 OK for: es-set-tostringtag@2.1.0 want: ^1.0.2
343 silly fetch manifest gopd@^1.2.0
344 silly packumentCache full:https://registry.npmjs.org/gopd cache-miss
345 silly fetch manifest get-proto@^1.0.1
346 silly packumentCache full:https://registry.npmjs.org/get-proto cache-miss
347 silly fetch manifest has-symbols@^1.1.0
348 silly packumentCache full:https://registry.npmjs.org/has-symbols cache-miss
349 silly fetch manifest es-object-atoms@^1.1.1
350 silly packumentCache full:https://registry.npmjs.org/es-object-atoms cache-miss
351 silly fetch manifest math-intrinsics@^1.1.0
352 silly packumentCache full:https://registry.npmjs.org/math-intrinsics cache-miss
353 silly fetch manifest es-define-property@^1.0.1
354 silly packumentCache full:https://registry.npmjs.org/es-define-property cache-miss
355 silly fetch manifest call-bind-apply-helpers@^1.0.2
356 silly packumentCache full:https://registry.npmjs.org/call-bind-apply-helpers cache-miss
357 http fetch GET 200 https://registry.npmjs.org/gopd 47ms (cache miss)
358 silly packumentCache full:https://registry.npmjs.org/gopd set size:undefined disposed:false
359 silly fetch manifest has-symbols@^1.0.3
360 silly packumentCache full:https://registry.npmjs.org/has-symbols cache-miss
361 http fetch GET 200 https://registry.npmjs.org/call-bind-apply-helpers 49ms (cache miss)
362 silly packumentCache full:https://registry.npmjs.org/call-bind-apply-helpers set size:undefined disposed:false
363 http fetch GET 200 https://registry.npmjs.org/get-proto 51ms (cache miss)
364 silly packumentCache full:https://registry.npmjs.org/get-proto set size:undefined disposed:false
365 http fetch GET 200 https://registry.npmjs.org/math-intrinsics 51ms (cache miss)
366 silly packumentCache full:https://registry.npmjs.org/math-intrinsics set size:undefined disposed:false
367 http fetch GET 200 https://registry.npmjs.org/es-object-atoms 52ms (cache miss)
368 silly packumentCache full:https://registry.npmjs.org/es-object-atoms set size:undefined disposed:false
369 http fetch GET 200 https://registry.npmjs.org/has-symbols 73ms (cache miss)
370 silly packumentCache full:https://registry.npmjs.org/has-symbols set size:undefined disposed:false
371 http fetch GET 200 https://registry.npmjs.org/es-define-property 73ms (cache miss)
372 silly packumentCache full:https://registry.npmjs.org/es-define-property set size:undefined disposed:false
373 http fetch GET 200 https://registry.npmjs.org/has-symbols 50ms (cache miss)
374 silly packumentCache full:https://registry.npmjs.org/has-symbols set size:undefined disposed:false
375 silly placeDep ROOT call-bind-apply-helpers@1.0.2 OK for: get-intrinsic@1.3.0 want: ^1.0.2
376 silly placeDep ROOT es-define-property@1.0.1 OK for: get-intrinsic@1.3.0 want: ^1.0.1
377 silly placeDep ROOT es-object-atoms@1.1.1 OK for: get-intrinsic@1.3.0 want: ^1.1.1
378 silly placeDep ROOT function-bind@1.1.2 OK for: get-intrinsic@1.3.0 want: ^1.1.2
379 silly placeDep ROOT get-proto@1.0.1 OK for: get-intrinsic@1.3.0 want: ^1.0.1
380 silly placeDep ROOT gopd@1.2.0 OK for: get-intrinsic@1.3.0 want: ^1.2.0
381 silly placeDep ROOT has-symbols@1.1.0 OK for: get-intrinsic@1.3.0 want: ^1.1.0
382 silly placeDep ROOT math-intrinsics@1.1.0 OK for: get-intrinsic@1.3.0 want: ^1.1.0
383 silly fetch manifest dunder-proto@^1.0.1
384 silly packumentCache full:https://registry.npmjs.org/dunder-proto cache-miss
385 http fetch GET 200 https://registry.npmjs.org/dunder-proto 70ms (cache miss)
386 silly packumentCache full:https://registry.npmjs.org/dunder-proto set size:undefined disposed:false
387 silly placeDep ROOT dunder-proto@1.0.1 OK for: get-proto@1.0.1 want: ^1.0.1
388 silly placeDep ROOT depd@2.0.0 OK for: http-errors@2.0.1 want: ~2.0.0
389 silly placeDep ROOT inherits@2.0.4 OK for: http-errors@2.0.1 want: ~2.0.4
390 silly placeDep ROOT setprototypeof@1.2.0 OK for: http-errors@2.0.1 want: ~1.2.0
391 silly placeDep ROOT toidentifier@1.0.1 OK for: http-errors@2.0.1 want: ~1.0.1
392 silly placeDep ROOT safer-buffer@2.1.2 OK for: iconv-lite@0.7.0 want: >= 2.1.2 < 3.0.0
393 silly placeDep ROOT mime-db@1.54.0 OK for: mime-types@3.0.2 want: ^1.54.0
394 silly placeDep ROOT ee-first@1.1.1 OK for: on-finished@2.4.1 want: 1.1.1
395 silly placeDep ROOT wrappy@1.0.2 OK for: once@1.4.0 want: 1
396 silly placeDep ROOT forwarded@0.2.0 OK for: proxy-addr@2.0.7 want: 0.2.0
397 silly placeDep ROOT ipaddr.js@1.9.1 OK for: proxy-addr@2.0.7 want: 1.9.1
398 silly placeDep ROOT side-channel@1.1.0 OK for: qs@6.14.0 want: ^1.1.0
399 silly fetch manifest object-inspect@^1.13.3
400 silly packumentCache full:https://registry.npmjs.org/object-inspect cache-miss
401 silly fetch manifest side-channel-list@^1.0.0
402 silly packumentCache full:https://registry.npmjs.org/side-channel-list cache-miss
403 silly fetch manifest side-channel-map@^1.0.1
404 silly packumentCache full:https://registry.npmjs.org/side-channel-map cache-miss
405 silly fetch manifest side-channel-weakmap@^1.0.2
406 silly packumentCache full:https://registry.npmjs.org/side-channel-weakmap cache-miss
407 http fetch GET 200 https://registry.npmjs.org/side-channel-map 59ms (cache miss)
408 silly packumentCache full:https://registry.npmjs.org/side-channel-map set size:undefined disposed:false
409 http fetch GET 200 https://registry.npmjs.org/side-channel-weakmap 59ms (cache miss)
410 silly packumentCache full:https://registry.npmjs.org/side-channel-weakmap set size:undefined disposed:false
411 http fetch GET 200 https://registry.npmjs.org/side-channel-list 138ms (cache miss)
412 silly packumentCache full:https://registry.npmjs.org/side-channel-list set size:undefined disposed:false
413 http fetch GET 200 https://registry.npmjs.org/object-inspect 190ms (cache miss)
414 silly packumentCache full:https://registry.npmjs.org/object-inspect set size:undefined disposed:false
415 silly placeDep ROOT unpipe@1.0.0 OK for: raw-body@3.0.2 want: ~1.0.0
416 silly placeDep ROOT is-promise@4.0.0 OK for: router@2.2.0 want: ^4.0.0
417 silly placeDep ROOT path-to-regexp@8.3.0 OK for: router@2.2.0 want: ^8.0.0
418 silly placeDep ROOT object-inspect@1.13.4 OK for: side-channel@1.1.0 want: ^1.13.3
419 silly placeDep ROOT side-channel-list@1.0.0 OK for: side-channel@1.1.0 want: ^1.0.0
420 silly placeDep ROOT side-channel-map@1.0.1 OK for: side-channel@1.1.0 want: ^1.0.1
421 silly placeDep ROOT side-channel-weakmap@1.0.2 OK for: side-channel@1.1.0 want: ^1.0.2
422 silly fetch manifest call-bound@^1.0.2
423 silly packumentCache full:https://registry.npmjs.org/call-bound cache-miss
424 silly fetch manifest call-bound@^1.0.2
425 silly packumentCache full:https://registry.npmjs.org/call-bound cache-miss
426 http fetch GET 200 https://registry.npmjs.org/call-bound 38ms (cache miss)
427 silly packumentCache full:https://registry.npmjs.org/call-bound set size:undefined disposed:false
428 http fetch GET 200 https://registry.npmjs.org/call-bound 44ms (cache miss)
429 silly packumentCache full:https://registry.npmjs.org/call-bound set size:undefined disposed:false
430 silly placeDep ROOT call-bound@1.0.4 OK for: side-channel-map@1.0.1 want: ^1.0.2
431 silly placeDep ROOT media-typer@1.1.0 OK for: type-is@2.0.1 want: ^1.1.0
432 silly placeDep node_modules/form-data mime-db@1.52.0 OK for: mime-types@2.1.35 want: 1.52.0
433 silly reify moves {}
434 silly audit bulk request {
434 silly audit   axios: [ '1.13.2' ],
434 silly audit   cors: [ '2.8.5' ],
434 silly audit   dotenv: [ '17.2.3' ],
434 silly audit   express: [ '5.1.0' ],
434 silly audit   'follow-redirects': [ '1.15.11' ],
434 silly audit   'form-data': [ '4.0.5' ],
434 silly audit   'proxy-from-env': [ '1.1.0' ],
434 silly audit   'object-assign': [ '4.1.1' ],
434 silly audit   vary: [ '1.1.2' ],
434 silly audit   accepts: [ '2.0.0' ],
434 silly audit   'body-parser': [ '2.2.1' ],
434 silly audit   'content-disposition': [ '1.0.1' ],
434 silly audit   'content-type': [ '1.0.5' ],
434 silly audit   cookie: [ '0.7.2' ],
434 silly audit   'cookie-signature': [ '1.2.2' ],
434 silly audit   debug: [ '4.4.3' ],
434 silly audit   encodeurl: [ '2.0.0' ],
434 silly audit   'escape-html': [ '1.0.3' ],
434 silly audit   etag: [ '1.8.1' ],
434 silly audit   finalhandler: [ '2.1.0' ],
434 silly audit   fresh: [ '2.0.0' ],
434 silly audit   'http-errors': [ '2.0.1' ],
434 silly audit   'merge-descriptors': [ '2.0.0' ],
434 silly audit   'mime-types': [ '3.0.2', '2.1.35' ],
434 silly audit   'on-finished': [ '2.4.1' ],
434 silly audit   once: [ '1.4.0' ],
434 silly audit   parseurl: [ '1.3.3' ],
434 silly audit   'proxy-addr': [ '2.0.7' ],
434 silly audit   qs: [ '6.14.0' ],
434 silly audit   'range-parser': [ '1.2.1' ],
434 silly audit   router: [ '2.2.0' ],
434 silly audit   send: [ '1.2.0' ],
434 silly audit   'serve-static': [ '2.2.0' ],
434 silly audit   statuses: [ '2.0.2' ],
434 silly audit   'type-is': [ '2.0.1' ],
434 silly audit   negotiator: [ '1.0.0' ],
434 silly audit   bytes: [ '3.1.2' ],
434 silly audit   'iconv-lite': [ '0.7.0' ],
434 silly audit   'raw-body': [ '3.0.2' ],
434 silly audit   ms: [ '2.1.3' ],
434 silly audit   asynckit: [ '0.4.0' ],
434 silly audit   'combined-stream': [ '1.0.8' ],
434 silly audit   'es-set-tostringtag': [ '2.1.0' ],
434 silly audit   hasown: [ '2.0.2' ],
434 silly audit   'delayed-stream': [ '1.0.0' ],
434 silly audit   'es-errors': [ '1.3.0' ],
434 silly audit   'get-intrinsic': [ '1.3.0' ],
434 silly audit   'has-tostringtag': [ '1.0.2' ],
434 silly audit   'call-bind-apply-helpers': [ '1.0.2' ],
434 silly audit   'es-define-property': [ '1.0.1' ],
434 silly audit   'es-object-atoms': [ '1.1.1' ],
434 silly audit   'function-bind': [ '1.1.2' ],
434 silly audit   'get-proto': [ '1.0.1' ],
434 silly audit   gopd: [ '1.2.0' ],
434 silly audit   'has-symbols': [ '1.1.0' ],
434 silly audit   'math-intrinsics': [ '1.1.0' ],
434 silly audit   'dunder-proto': [ '1.0.1' ],
434 silly audit   depd: [ '2.0.0' ],
434 silly audit   inherits: [ '2.0.4' ],
434 silly audit   setprototypeof: [ '1.2.0' ],
434 silly audit   toidentifier: [ '1.0.1' ],
434 silly audit   'safer-buffer': [ '2.1.2' ],
434 silly audit   'mime-db': [ '1.54.0', '1.52.0' ],
434 silly audit   'ee-first': [ '1.1.1' ],
434 silly audit   wrappy: [ '1.0.2' ],
434 silly audit   forwarded: [ '0.2.0' ],
434 silly audit   'ipaddr.js': [ '1.9.1' ],
434 silly audit   'side-channel': [ '1.1.0' ],
434 silly audit   unpipe: [ '1.0.0' ],
434 silly audit   'is-promise': [ '4.0.0' ],
434 silly audit   'path-to-regexp': [ '8.3.0' ],
434 silly audit   'object-inspect': [ '1.13.4' ],
434 silly audit   'side-channel-list': [ '1.0.0' ],
434 silly audit   'side-channel-map': [ '1.0.1' ],
434 silly audit   'side-channel-weakmap': [ '1.0.2' ],
434 silly audit   'call-bound': [ '1.0.4' ],
434 silly audit   'media-typer': [ '1.1.0' ]
434 silly audit }
435 http cache media-typer@https://registry.npmjs.org/media-typer/-/media-typer-1.1.0.tgz 0ms (cache hit)
436 http cache side-channel-map@https://registry.npmjs.org/side-channel-map/-/side-channel-map-1.0.1.tgz 0ms (cache hit)
437 http cache call-bound@https://registry.npmjs.org/call-bound/-/call-bound-1.0.4.tgz 0ms (cache hit)
438 http cache side-channel-weakmap@https://registry.npmjs.org/side-channel-weakmap/-/side-channel-weakmap-1.0.2.tgz 0ms (cache hit)
439 http cache object-inspect@https://registry.npmjs.org/object-inspect/-/object-inspect-1.13.4.tgz 0ms (cache hit)
440 http cache path-to-regexp@https://registry.npmjs.org/path-to-regexp/-/path-to-regexp-8.3.0.tgz 0ms (cache hit)
441 http cache is-promise@https://registry.npmjs.org/is-promise/-/is-promise-4.0.0.tgz 0ms (cache hit)
442 http cache unpipe@https://registry.npmjs.org/unpipe/-/unpipe-1.0.0.tgz 0ms (cache hit)
443 http cache side-channel@https://registry.npmjs.org/side-channel/-/side-channel-1.1.0.tgz 0ms (cache hit)
444 http cache ipaddr.js@https://registry.npmjs.org/ipaddr.js/-/ipaddr.js-1.9.1.tgz 0ms (cache hit)
445 http cache forwarded@https://registry.npmjs.org/forwarded/-/forwarded-0.2.0.tgz 0ms (cache hit)
446 http cache ee-first@https://registry.npmjs.org/ee-first/-/ee-first-1.1.1.tgz 0ms (cache hit)
447 http cache mime-db@https://registry.npmjs.org/mime-db/-/mime-db-1.54.0.tgz 0ms (cache hit)
448 http cache safer-buffer@https://registry.npmjs.org/safer-buffer/-/safer-buffer-2.1.2.tgz 0ms (cache hit)
449 http cache wrappy@https://registry.npmjs.org/wrappy/-/wrappy-1.0.2.tgz 0ms (cache hit)
450 http cache toidentifier@https://registry.npmjs.org/toidentifier/-/toidentifier-1.0.1.tgz 0ms (cache hit)
451 http cache setprototypeof@https://registry.npmjs.org/setprototypeof/-/setprototypeof-1.2.0.tgz 0ms (cache hit)
452 http cache inherits@https://registry.npmjs.org/inherits/-/inherits-2.0.4.tgz 0ms (cache hit)
453 http cache side-channel-list@https://registry.npmjs.org/side-channel-list/-/side-channel-list-1.0.0.tgz 0ms (cache hit)
454 http cache depd@https://registry.npmjs.org/depd/-/depd-2.0.0.tgz 0ms (cache hit)
455 http cache has-symbols@https://registry.npmjs.org/has-symbols/-/has-symbols-1.1.0.tgz 0ms (cache hit)
456 http cache gopd@https://registry.npmjs.org/gopd/-/gopd-1.2.0.tgz 0ms (cache hit)
457 http cache es-object-atoms@https://registry.npmjs.org/es-object-atoms/-/es-object-atoms-1.1.1.tgz 0ms (cache hit)
458 http cache es-define-property@https://registry.npmjs.org/es-define-property/-/es-define-property-1.0.1.tgz 0ms (cache hit)
459 http cache call-bind-apply-helpers@https://registry.npmjs.org/call-bind-apply-helpers/-/call-bind-apply-helpers-1.0.2.tgz 0ms (cache hit)
460 http cache dunder-proto@https://registry.npmjs.org/dunder-proto/-/dunder-proto-1.0.1.tgz 0ms (cache hit)
461 http cache get-proto@https://registry.npmjs.org/get-proto/-/get-proto-1.0.1.tgz 0ms (cache hit)
462 http cache get-intrinsic@https://registry.npmjs.org/get-intrinsic/-/get-intrinsic-1.3.0.tgz 0ms (cache hit)
463 http cache function-bind@https://registry.npmjs.org/function-bind/-/function-bind-1.1.2.tgz 0ms (cache hit)
464 http cache delayed-stream@https://registry.npmjs.org/delayed-stream/-/delayed-stream-1.0.0.tgz 0ms (cache hit)
465 http cache es-errors@https://registry.npmjs.org/es-errors/-/es-errors-1.3.0.tgz 0ms (cache hit)
466 http cache has-tostringtag@https://registry.npmjs.org/has-tostringtag/-/has-tostringtag-1.0.2.tgz 0ms (cache hit)
467 http cache es-set-tostringtag@https://registry.npmjs.org/es-set-tostringtag/-/es-set-tostringtag-2.1.0.tgz 0ms (cache hit)
468 http cache combined-stream@https://registry.npmjs.org/combined-stream/-/combined-stream-1.0.8.tgz 0ms (cache hit)
469 http cache asynckit@https://registry.npmjs.org/asynckit/-/asynckit-0.4.0.tgz 0ms (cache hit)
470 http cache ms@https://registry.npmjs.org/ms/-/ms-2.1.3.tgz 0ms (cache hit)
471 http cache hasown@https://registry.npmjs.org/hasown/-/hasown-2.0.2.tgz 0ms (cache hit)
472 http cache raw-body@https://registry.npmjs.org/raw-body/-/raw-body-3.0.2.tgz 0ms (cache hit)
473 http cache negotiator@https://registry.npmjs.org/negotiator/-/negotiator-1.0.0.tgz 0ms (cache hit)
474 http cache bytes@https://registry.npmjs.org/bytes/-/bytes-3.1.2.tgz 0ms (cache hit)
475 http cache iconv-lite@https://registry.npmjs.org/iconv-lite/-/iconv-lite-0.7.0.tgz 0ms (cache hit)
476 http cache type-is@https://registry.npmjs.org/type-is/-/type-is-2.0.1.tgz 0ms (cache hit)
477 http cache serve-static@https://registry.npmjs.org/serve-static/-/serve-static-2.2.0.tgz 0ms (cache hit)
478 http cache send@https://registry.npmjs.org/send/-/send-1.2.0.tgz 0ms (cache hit)
479 http cache router@https://registry.npmjs.org/router/-/router-2.2.0.tgz 0ms (cache hit)
480 http cache statuses@https://registry.npmjs.org/statuses/-/statuses-2.0.2.tgz 0ms (cache hit)
481 http cache range-parser@https://registry.npmjs.org/range-parser/-/range-parser-1.2.1.tgz 0ms (cache hit)
482 http cache qs@https://registry.npmjs.org/qs/-/qs-6.14.0.tgz 0ms (cache hit)
483 http cache math-intrinsics@https://registry.npmjs.org/math-intrinsics/-/math-intrinsics-1.1.0.tgz 0ms (cache hit)
484 http cache once@https://registry.npmjs.org/once/-/once-1.4.0.tgz 0ms (cache hit)
485 http cache parseurl@https://registry.npmjs.org/parseurl/-/parseurl-1.3.3.tgz 0ms (cache hit)
486 http cache merge-descriptors@https://registry.npmjs.org/merge-descriptors/-/merge-descriptors-2.0.0.tgz 0ms (cache hit)
487 http cache on-finished@https://registry.npmjs.org/on-finished/-/on-finished-2.4.1.tgz 0ms (cache hit)
488 http cache mime-types@https://registry.npmjs.org/mime-types/-/mime-types-3.0.2.tgz 0ms (cache hit)
489 http cache fresh@https://registry.npmjs.org/fresh/-/fresh-2.0.0.tgz 0ms (cache hit)
490 http cache proxy-addr@https://registry.npmjs.org/proxy-addr/-/proxy-addr-2.0.7.tgz 0ms (cache hit)
491 http cache finalhandler@https://registry.npmjs.org/finalhandler/-/finalhandler-2.1.0.tgz 0ms (cache hit)
492 http cache etag@https://registry.npmjs.org/etag/-/etag-1.8.1.tgz 0ms (cache hit)
493 http cache encodeurl@https://registry.npmjs.org/encodeurl/-/encodeurl-2.0.0.tgz 0ms (cache hit)
494 http cache debug@https://registry.npmjs.org/debug/-/debug-4.4.3.tgz 0ms (cache hit)
495 http cache http-errors@https://registry.npmjs.org/http-errors/-/http-errors-2.0.1.tgz 0ms (cache hit)
496 http cache cookie@https://registry.npmjs.org/cookie/-/cookie-0.7.2.tgz 0ms (cache hit)
497 http cache content-type@https://registry.npmjs.org/content-type/-/content-type-1.0.5.tgz 0ms (cache hit)
498 http cache content-disposition@https://registry.npmjs.org/content-disposition/-/content-disposition-1.0.1.tgz 0ms (cache hit)
499 http cache body-parser@https://registry.npmjs.org/body-parser/-/body-parser-2.2.1.tgz 0ms (cache hit)
500 http cache accepts@https://registry.npmjs.org/accepts/-/accepts-2.0.0.tgz 0ms (cache hit)
501 http cache vary@https://registry.npmjs.org/vary/-/vary-1.1.2.tgz 0ms (cache hit)
502 http cache object-assign@https://registry.npmjs.org/object-assign/-/object-assign-4.1.1.tgz 0ms (cache hit)
503 http cache proxy-from-env@https://registry.npmjs.org/proxy-from-env/-/proxy-from-env-1.1.0.tgz 0ms (cache hit)
504 http cache form-data@https://registry.npmjs.org/form-data/-/form-data-4.0.5.tgz 0ms (cache hit)
505 http cache follow-redirects@https://registry.npmjs.org/follow-redirects/-/follow-redirects-1.15.11.tgz 0ms (cache hit)
506 http cache express@https://registry.npmjs.org/express/-/express-5.1.0.tgz 0ms (cache hit)
507 http cache escape-html@https://registry.npmjs.org/escape-html/-/escape-html-1.0.3.tgz 0ms (cache hit)
508 http cache dotenv@https://registry.npmjs.org/dotenv/-/dotenv-17.2.3.tgz 0ms (cache hit)
509 http cache axios@https://registry.npmjs.org/axios/-/axios-1.13.2.tgz 0ms (cache hit)
510 http cache mime-types@https://registry.npmjs.org/mime-types/-/mime-types-2.1.35.tgz 0ms (cache hit)
511 http cache mime-db@https://registry.npmjs.org/mime-db/-/mime-db-1.52.0.tgz 0ms (cache hit)
512 http cache cookie-signature@https://registry.npmjs.org/cookie-signature/-/cookie-signature-1.2.2.tgz 0ms (cache hit)
513 http cache cors@https://registry.npmjs.org/cors/-/cors-2.8.5.tgz 0ms (cache hit)
514 silly tarball no local data for media-typer@https://registry.npmjs.org/media-typer/-/media-typer-1.1.0.tgz. Extracting by manifest.
515 silly tarball no local data for side-channel-map@https://registry.npmjs.org/side-channel-map/-/side-channel-map-1.0.1.tgz. Extracting by manifest.
516 silly tarball no local data for call-bound@https://registry.npmjs.org/call-bound/-/call-bound-1.0.4.tgz. Extracting by manifest.
517 silly tarball no local data for side-channel-weakmap@https://registry.npmjs.org/side-channel-weakmap/-/side-channel-weakmap-1.0.2.tgz. Extracting by manifest.
518 silly tarball no local data for object-inspect@https://registry.npmjs.org/object-inspect/-/object-inspect-1.13.4.tgz. Extracting by manifest.
519 silly tarball no local data for path-to-regexp@https://registry.npmjs.org/path-to-regexp/-/path-to-regexp-8.3.0.tgz. Extracting by manifest.
520 silly tarball no local data for is-promise@https://registry.npmjs.org/is-promise/-/is-promise-4.0.0.tgz. Extracting by manifest.
521 silly tarball no local data for unpipe@https://registry.npmjs.org/unpipe/-/unpipe-1.0.0.tgz. Extracting by manifest.
522 silly tarball no local data for side-channel@https://registry.npmjs.org/side-channel/-/side-channel-1.1.0.tgz. Extracting by manifest.
523 silly tarball no local data for ipaddr.js@https://registry.npmjs.org/ipaddr.js/-/ipaddr.js-1.9.1.tgz. Extracting by manifest.
524 silly tarball no local data for forwarded@https://registry.npmjs.org/forwarded/-/forwarded-0.2.0.tgz. Extracting by manifest.
525 silly tarball no local data for ee-first@https://registry.npmjs.org/ee-first/-/ee-first-1.1.1.tgz. Extracting by manifest.
526 silly tarball no local data for mime-db@https://registry.npmjs.org/mime-db/-/mime-db-1.54.0.tgz. Extracting by manifest.
527 silly tarball no local data for safer-buffer@https://registry.npmjs.org/safer-buffer/-/safer-buffer-2.1.2.tgz. Extracting by manifest.
528 silly tarball no local data for wrappy@https://registry.npmjs.org/wrappy/-/wrappy-1.0.2.tgz. Extracting by manifest.
529 silly tarball no local data for toidentifier@https://registry.npmjs.org/toidentifier/-/toidentifier-1.0.1.tgz. Extracting by manifest.
530 silly tarball no local data for setprototypeof@https://registry.npmjs.org/setprototypeof/-/setprototypeof-1.2.0.tgz. Extracting by manifest.
531 silly tarball no local data for inherits@https://registry.npmjs.org/inherits/-/inherits-2.0.4.tgz. Extracting by manifest.
532 silly tarball no local data for side-channel-list@https://registry.npmjs.org/side-channel-list/-/side-channel-list-1.0.0.tgz. Extracting by manifest.
533 silly tarball no local data for depd@https://registry.npmjs.org/depd/-/depd-2.0.0.tgz. Extracting by manifest.
534 silly tarball no local data for has-symbols@https://registry.npmjs.org/has-symbols/-/has-symbols-1.1.0.tgz. Extracting by manifest.
535 silly tarball no local data for gopd@https://registry.npmjs.org/gopd/-/gopd-1.2.0.tgz. Extracting by manifest.
536 silly tarball no local data for es-object-atoms@https://registry.npmjs.org/es-object-atoms/-/es-object-atoms-1.1.1.tgz. Extracting by manifest.
537 silly tarball no local data for es-define-property@https://registry.npmjs.org/es-define-property/-/es-define-property-1.0.1.tgz. Extracting by manifest.
538 silly tarball no local data for call-bind-apply-helpers@https://registry.npmjs.org/call-bind-apply-helpers/-/call-bind-apply-helpers-1.0.2.tgz. Extracting by manifest.
539 silly tarball no local data for dunder-proto@https://registry.npmjs.org/dunder-proto/-/dunder-proto-1.0.1.tgz. Extracting by manifest.
540 silly tarball no local data for get-proto@https://registry.npmjs.org/get-proto/-/get-proto-1.0.1.tgz. Extracting by manifest.
541 silly tarball no local data for get-intrinsic@https://registry.npmjs.org/get-intrinsic/-/get-intrinsic-1.3.0.tgz. Extracting by manifest.
542 silly tarball no local data for function-bind@https://registry.npmjs.org/function-bind/-/function-bind-1.1.2.tgz. Extracting by manifest.
543 silly tarball no local data for delayed-stream@https://registry.npmjs.org/delayed-stream/-/delayed-stream-1.0.0.tgz. Extracting by manifest.
544 silly tarball no local data for es-errors@https://registry.npmjs.org/es-errors/-/es-errors-1.3.0.tgz. Extracting by manifest.
545 silly tarball no local data for has-tostringtag@https://registry.npmjs.org/has-tostringtag/-/has-tostringtag-1.0.2.tgz. Extracting by manifest.
546 silly tarball no local data for es-set-tostringtag@https://registry.npmjs.org/es-set-tostringtag/-/es-set-tostringtag-2.1.0.tgz. Extracting by manifest.
547 silly tarball no local data for combined-stream@https://registry.npmjs.org/combined-stream/-/combined-stream-1.0.8.tgz. Extracting by manifest.
548 silly tarball no local data for asynckit@https://registry.npmjs.org/asynckit/-/asynckit-0.4.0.tgz. Extracting by manifest.
549 silly tarball no local data for ms@https://registry.npmjs.org/ms/-/ms-2.1.3.tgz. Extracting by manifest.
550 silly tarball no local data for hasown@https://registry.npmjs.org/hasown/-/hasown-2.0.2.tgz. Extracting by manifest.
551 silly tarball no local data for raw-body@https://registry.npmjs.org/raw-body/-/raw-body-3.0.2.tgz. Extracting by manifest.
552 silly tarball no local data for negotiator@https://registry.npmjs.org/negotiator/-/negotiator-1.0.0.tgz. Extracting by manifest.
553 silly tarball no local data for bytes@https://registry.npmjs.org/bytes/-/bytes-3.1.2.tgz. Extracting by manifest.
554 silly tarball no local data for iconv-lite@https://registry.npmjs.org/iconv-lite/-/iconv-lite-0.7.0.tgz. Extracting by manifest.
555 silly tarball no local data for type-is@https://registry.npmjs.org/type-is/-/type-is-2.0.1.tgz. Extracting by manifest.
556 silly tarball no local data for serve-static@https://registry.npmjs.org/serve-static/-/serve-static-2.2.0.tgz. Extracting by manifest.
557 silly tarball no local data for send@https://registry.npmjs.org/send/-/send-1.2.0.tgz. Extracting by manifest.
558 silly tarball no local data for router@https://registry.npmjs.org/router/-/router-2.2.0.tgz. Extracting by manifest.
559 silly tarball no local data for statuses@https://registry.npmjs.org/statuses/-/statuses-2.0.2.tgz. Extracting by manifest.
560 silly tarball no local data for range-parser@https://registry.npmjs.org/range-parser/-/range-parser-1.2.1.tgz. Extracting by manifest.
561 silly tarball no local data for qs@https://registry.npmjs.org/qs/-/qs-6.14.0.tgz. Extracting by manifest.
562 silly tarball no local data for math-intrinsics@https://registry.npmjs.org/math-intrinsics/-/math-intrinsics-1.1.0.tgz. Extracting by manifest.
563 silly tarball no local data for once@https://registry.npmjs.org/once/-/once-1.4.0.tgz. Extracting by manifest.
564 silly tarball no local data for parseurl@https://registry.npmjs.org/parseurl/-/parseurl-1.3.3.tgz. Extracting by manifest.
565 silly tarball no local data for merge-descriptors@https://registry.npmjs.org/merge-descriptors/-/merge-descriptors-2.0.0.tgz. Extracting by manifest.
566 silly tarball no local data for on-finished@https://registry.npmjs.org/on-finished/-/on-finished-2.4.1.tgz. Extracting by manifest.
567 silly tarball no local data for mime-types@https://registry.npmjs.org/mime-types/-/mime-types-3.0.2.tgz. Extracting by manifest.
568 silly tarball no local data for fresh@https://registry.npmjs.org/fresh/-/fresh-2.0.0.tgz. Extracting by manifest.
569 silly tarball no local data for proxy-addr@https://registry.npmjs.org/proxy-addr/-/proxy-addr-2.0.7.tgz. Extracting by manifest.
570 silly tarball no local data for finalhandler@https://registry.npmjs.org/finalhandler/-/finalhandler-2.1.0.tgz. Extracting by manifest.
571 silly tarball no local data for etag@https://registry.npmjs.org/etag/-/etag-1.8.1.tgz. Extracting by manifest.
572 silly tarball no local data for encodeurl@https://registry.npmjs.org/encodeurl/-/encodeurl-2.0.0.tgz. Extracting by manifest.
573 silly tarball no local data for debug@https://registry.npmjs.org/debug/-/debug-4.4.3.tgz. Extracting by manifest.
574 silly tarball no local data for http-errors@https://registry.npmjs.org/http-errors/-/http-errors-2.0.1.tgz. Extracting by manifest.
575 silly tarball no local data for cookie@https://registry.npmjs.org/cookie/-/cookie-0.7.2.tgz. Extracting by manifest.
576 silly tarball no local data for content-type@https://registry.npmjs.org/content-type/-/content-type-1.0.5.tgz. Extracting by manifest.
577 silly tarball no local data for content-disposition@https://registry.npmjs.org/content-disposition/-/content-disposition-1.0.1.tgz. Extracting by manifest.
578 silly tarball no local data for body-parser@https://registry.npmjs.org/body-parser/-/body-parser-2.2.1.tgz. Extracting by manifest.
579 silly tarball no local data for accepts@https://registry.npmjs.org/accepts/-/accepts-2.0.0.tgz. Extracting by manifest.
580 silly tarball no local data for vary@https://registry.npmjs.org/vary/-/vary-1.1.2.tgz. Extracting by manifest.
581 silly tarball no local data for object-assign@https://registry.npmjs.org/object-assign/-/object-assign-4.1.1.tgz. Extracting by manifest.
582 silly tarball no local data for proxy-from-env@https://registry.npmjs.org/proxy-from-env/-/proxy-from-env-1.1.0.tgz. Extracting by manifest.
583 silly tarball no local data for form-data@https://registry.npmjs.org/form-data/-/form-data-4.0.5.tgz. Extracting by manifest.
584 silly tarball no local data for follow-redirects@https://registry.npmjs.org/follow-redirects/-/follow-redirects-1.15.11.tgz. Extracting by manifest.
585 silly tarball no local data for express@https://registry.npmjs.org/express/-/express-5.1.0.tgz. Extracting by manifest.
586 silly tarball no local data for escape-html@https://registry.npmjs.org/escape-html/-/escape-html-1.0.3.tgz. Extracting by manifest.
587 silly tarball no local data for dotenv@https://registry.npmjs.org/dotenv/-/dotenv-17.2.3.tgz. Extracting by manifest.
588 silly tarball no local data for axios@https://registry.npmjs.org/axios/-/axios-1.13.2.tgz. Extracting by manifest.
589 silly tarball no local data for mime-types@https://registry.npmjs.org/mime-types/-/mime-types-2.1.35.tgz. Extracting by manifest.
590 silly tarball no local data for mime-db@https://registry.npmjs.org/mime-db/-/mime-db-1.52.0.tgz. Extracting by manifest.
591 silly tarball no local data for cookie-signature@https://registry.npmjs.org/cookie-signature/-/cookie-signature-1.2.2.tgz. Extracting by manifest.
592 silly tarball no local data for cors@https://registry.npmjs.org/cors/-/cors-2.8.5.tgz. Extracting by manifest.
593 http fetch GET 200 https://registry.npmjs.org/media-typer/-/media-typer-1.1.0.tgz 83ms (cache miss)
594 http fetch GET 200 https://registry.npmjs.org/side-channel-map/-/side-channel-map-1.0.1.tgz 83ms (cache miss)
595 http fetch GET 200 https://registry.npmjs.org/call-bound/-/call-bound-1.0.4.tgz 83ms (cache miss)
596 http fetch GET 200 https://registry.npmjs.org/path-to-regexp/-/path-to-regexp-8.3.0.tgz 88ms (cache miss)
597 http fetch GET 200 https://registry.npmjs.org/side-channel-weakmap/-/side-channel-weakmap-1.0.2.tgz 90ms (cache miss)
598 http fetch GET 200 https://registry.npmjs.org/object-inspect/-/object-inspect-1.13.4.tgz 96ms (cache miss)
599 http fetch GET 200 https://registry.npmjs.org/wrappy/-/wrappy-1.0.2.tgz 110ms (cache miss)
600 http fetch GET 200 https://registry.npmjs.org/toidentifier/-/toidentifier-1.0.1.tgz 113ms (cache miss)
601 http fetch GET 200 https://registry.npmjs.org/inherits/-/inherits-2.0.4.tgz 116ms (cache miss)
602 http fetch GET 200 https://registry.npmjs.org/setprototypeof/-/setprototypeof-1.2.0.tgz 131ms (cache miss)
603 http fetch GET 200 https://registry.npmjs.org/side-channel-list/-/side-channel-list-1.0.0.tgz 163ms (cache miss)
604 http fetch GET 200 https://registry.npmjs.org/gopd/-/gopd-1.2.0.tgz 163ms (cache miss)
605 http fetch GET 200 https://registry.npmjs.org/depd/-/depd-2.0.0.tgz 164ms (cache miss)
606 http fetch GET 200 https://registry.npmjs.org/es-object-atoms/-/es-object-atoms-1.1.1.tgz 166ms (cache miss)
607 http fetch GET 200 https://registry.npmjs.org/side-channel/-/side-channel-1.1.0.tgz 176ms (cache miss)
608 http fetch GET 200 https://registry.npmjs.org/has-symbols/-/has-symbols-1.1.0.tgz 180ms (cache miss)
609 http fetch GET 200 https://registry.npmjs.org/es-define-property/-/es-define-property-1.0.1.tgz 186ms (cache miss)
610 http fetch GET 200 https://registry.npmjs.org/unpipe/-/unpipe-1.0.0.tgz 189ms (cache miss)
611 http fetch GET 200 https://registry.npmjs.org/dunder-proto/-/dunder-proto-1.0.1.tgz 199ms (cache miss)
612 http fetch GET 200 https://registry.npmjs.org/call-bind-apply-helpers/-/call-bind-apply-helpers-1.0.2.tgz 201ms (cache miss)
613 http fetch POST 200 https://registry.npmjs.org/-/npm/v1/security/advisories/bulk 224ms
614 silly audit report {}
615 http fetch GET 200 https://registry.npmjs.org/safer-buffer/-/safer-buffer-2.1.2.tgz 210ms (cache miss)
616 http fetch GET 200 https://registry.npmjs.org/mime-db/-/mime-db-1.54.0.tgz 216ms (cache miss)
617 http fetch GET 200 https://registry.npmjs.org/ee-first/-/ee-first-1.1.1.tgz 224ms (cache miss)
618 http fetch GET 200 https://registry.npmjs.org/ipaddr.js/-/ipaddr.js-1.9.1.tgz 224ms (cache miss)
619 http fetch GET 200 https://registry.npmjs.org/get-intrinsic/-/get-intrinsic-1.3.0.tgz 224ms (cache miss)
620 http fetch GET 200 https://registry.npmjs.org/forwarded/-/forwarded-0.2.0.tgz 241ms (cache miss)
621 http fetch GET 200 https://registry.npmjs.org/get-proto/-/get-proto-1.0.1.tgz 238ms (cache miss)
622 http fetch GET 200 https://registry.npmjs.org/delayed-stream/-/delayed-stream-1.0.0.tgz 239ms (cache miss)
623 http fetch GET 200 https://registry.npmjs.org/function-bind/-/function-bind-1.1.2.tgz 246ms (cache miss)
624 http fetch GET 200 https://registry.npmjs.org/es-set-tostringtag/-/es-set-tostringtag-2.1.0.tgz 246ms (cache miss)
625 http fetch GET 200 https://registry.npmjs.org/combined-stream/-/combined-stream-1.0.8.tgz 250ms (cache miss)
626 http fetch GET 200 https://registry.npmjs.org/has-tostringtag/-/has-tostringtag-1.0.2.tgz 251ms (cache miss)
627 http fetch GET 200 https://registry.npmjs.org/es-errors/-/es-errors-1.3.0.tgz 252ms (cache miss)
628 http fetch GET 200 https://registry.npmjs.org/raw-body/-/raw-body-3.0.2.tgz 263ms (cache miss)
629 http fetch GET 200 https://registry.npmjs.org/hasown/-/hasown-2.0.2.tgz 263ms (cache miss)
630 http fetch GET 200 https://registry.npmjs.org/ms/-/ms-2.1.3.tgz 278ms (cache miss)
631 http fetch GET 200 https://registry.npmjs.org/negotiator/-/negotiator-1.0.0.tgz 277ms (cache miss)
632 http fetch GET 200 https://registry.npmjs.org/statuses/-/statuses-2.0.2.tgz 284ms (cache miss)
633 http fetch GET 200 https://registry.npmjs.org/asynckit/-/asynckit-0.4.0.tgz 289ms (cache miss)
634 http fetch GET 200 https://registry.npmjs.org/send/-/send-1.2.0.tgz 293ms (cache miss)
635 http fetch GET 200 https://registry.npmjs.org/range-parser/-/range-parser-1.2.1.tgz 293ms (cache miss)
636 http fetch GET 200 https://registry.npmjs.org/type-is/-/type-is-2.0.1.tgz 302ms (cache miss)
637 http fetch GET 200 https://registry.npmjs.org/qs/-/qs-6.14.0.tgz 308ms (cache miss)
638 http fetch GET 200 https://registry.npmjs.org/bytes/-/bytes-3.1.2.tgz 310ms (cache miss)
639 http fetch GET 200 https://registry.npmjs.org/router/-/router-2.2.0.tgz 312ms (cache miss)
640 http fetch GET 200 https://registry.npmjs.org/serve-static/-/serve-static-2.2.0.tgz 325ms (cache miss)
641 http fetch GET 200 https://registry.npmjs.org/merge-descriptors/-/merge-descriptors-2.0.0.tgz 328ms (cache miss)
642 http fetch GET 200 https://registry.npmjs.org/once/-/once-1.4.0.tgz 328ms (cache miss)
643 http fetch GET 200 https://registry.npmjs.org/math-intrinsics/-/math-intrinsics-1.1.0.tgz 330ms (cache miss)
644 http fetch GET 200 https://registry.npmjs.org/on-finished/-/on-finished-2.4.1.tgz 337ms (cache miss)
645 http fetch GET 200 https://registry.npmjs.org/parseurl/-/parseurl-1.3.3.tgz 339ms (cache miss)
646 http fetch GET 200 https://registry.npmjs.org/mime-types/-/mime-types-3.0.2.tgz 339ms (cache miss)
647 http fetch GET 200 https://registry.npmjs.org/fresh/-/fresh-2.0.0.tgz 339ms (cache miss)
648 http fetch GET 200 https://registry.npmjs.org/proxy-addr/-/proxy-addr-2.0.7.tgz 344ms (cache miss)
649 http fetch GET 200 https://registry.npmjs.org/etag/-/etag-1.8.1.tgz 349ms (cache miss)
650 http fetch GET 200 https://registry.npmjs.org/debug/-/debug-4.4.3.tgz 359ms (cache miss)
651 http fetch GET 200 https://registry.npmjs.org/finalhandler/-/finalhandler-2.1.0.tgz 370ms (cache miss)
652 http fetch GET 200 https://registry.npmjs.org/content-type/-/content-type-1.0.5.tgz 380ms (cache miss)
653 http fetch GET 200 https://registry.npmjs.org/cookie/-/cookie-0.7.2.tgz 380ms (cache miss)
654 http fetch GET 200 https://registry.npmjs.org/encodeurl/-/encodeurl-2.0.0.tgz 386ms (cache miss)
655 http fetch GET 200 https://registry.npmjs.org/body-parser/-/body-parser-2.2.1.tgz 386ms (cache miss)
656 http fetch GET 200 https://registry.npmjs.org/content-disposition/-/content-disposition-1.0.1.tgz 387ms (cache miss)
657 http fetch GET 200 https://registry.npmjs.org/object-assign/-/object-assign-4.1.1.tgz 390ms (cache miss)
658 http fetch GET 200 https://registry.npmjs.org/http-errors/-/http-errors-2.0.1.tgz 393ms (cache miss)
659 http fetch GET 200 https://registry.npmjs.org/proxy-from-env/-/proxy-from-env-1.1.0.tgz 399ms (cache miss)
660 http fetch GET 200 https://registry.npmjs.org/form-data/-/form-data-4.0.5.tgz 408ms (cache miss)
661 http fetch GET 200 https://registry.npmjs.org/follow-redirects/-/follow-redirects-1.15.11.tgz 417ms (cache miss)
662 http fetch GET 200 https://registry.npmjs.org/accepts/-/accepts-2.0.0.tgz 423ms (cache miss)
663 http fetch GET 200 https://registry.npmjs.org/vary/-/vary-1.1.2.tgz 425ms (cache miss)
664 http fetch GET 200 https://registry.npmjs.org/escape-html/-/escape-html-1.0.3.tgz 433ms (cache miss)
665 http fetch GET 200 https://registry.npmjs.org/dotenv/-/dotenv-17.2.3.tgz 442ms (cache miss)
666 http fetch GET 200 https://registry.npmjs.org/mime-types/-/mime-types-2.1.35.tgz 454ms (cache miss)
667 http fetch GET 200 https://registry.npmjs.org/is-promise/-/is-promise-4.0.0.tgz 468ms (cache miss)
668 http fetch GET 200 https://registry.npmjs.org/cors/-/cors-2.8.5.tgz 458ms (cache miss)
669 http fetch GET 200 https://registry.npmjs.org/cookie-signature/-/cookie-signature-1.2.2.tgz 557ms (cache miss)
670 http fetch GET 200 https://registry.npmjs.org/axios/-/axios-1.13.2.tgz 615ms (cache miss)
671 http fetch GET 200 https://registry.npmjs.org/mime-db/-/mime-db-1.52.0.tgz 811ms (cache miss)
672 http fetch GET 200 https://registry.npmjs.org/express/-/express-5.1.0.tgz 822ms (cache miss)
673 http fetch GET 200 https://registry.npmjs.org/iconv-lite/-/iconv-lite-0.7.0.tgz 840ms (cache miss)
674 silly ADD node_modules/media-typer
675 silly ADD node_modules/call-bound
676 silly ADD node_modules/side-channel-weakmap
677 silly ADD node_modules/side-channel-map
678 silly ADD node_modules/side-channel-list
679 silly ADD node_modules/object-inspect
680 silly ADD node_modules/path-to-regexp
681 silly ADD node_modules/is-promise
682 silly ADD node_modules/unpipe
683 silly ADD node_modules/side-channel
684 silly ADD node_modules/ipaddr.js
685 silly ADD node_modules/forwarded
686 silly ADD node_modules/wrappy
687 silly ADD node_modules/ee-first
688 silly ADD node_modules/mime-db
689 silly ADD node_modules/safer-buffer
690 silly ADD node_modules/toidentifier
691 silly ADD node_modules/setprototypeof
692 silly ADD node_modules/inherits
693 silly ADD node_modules/depd
694 silly ADD node_modules/dunder-proto
695 silly ADD node_modules/math-intrinsics
696 silly ADD node_modules/has-symbols
697 silly ADD node_modules/gopd
698 silly ADD node_modules/get-proto
699 silly ADD node_modules/function-bind
700 silly ADD node_modules/es-object-atoms
701 silly ADD node_modules/es-define-property
702 silly ADD node_modules/call-bind-apply-helpers
703 silly ADD node_modules/has-tostringtag
704 silly ADD node_modules/get-intrinsic
705 silly ADD node_modules/es-errors
706 silly ADD node_modules/delayed-stream
707 silly ADD node_modules/hasown
708 silly ADD node_modules/es-set-tostringtag
709 silly ADD node_modules/combined-stream
710 silly ADD node_modules/asynckit
711 silly ADD node_modules/ms
712 silly ADD node_modules/raw-body
713 silly ADD node_modules/iconv-lite
714 silly ADD node_modules/bytes
715 silly ADD node_modules/negotiator
716 silly ADD node_modules/type-is
717 silly ADD node_modules/statuses
718 silly ADD node_modules/serve-static
719 silly ADD node_modules/send
720 silly ADD node_modules/router
721 silly ADD node_modules/range-parser
722 silly ADD node_modules/qs
723 silly ADD node_modules/proxy-addr
724 silly ADD node_modules/parseurl
725 silly ADD node_modules/once
726 silly ADD node_modules/on-finished
727 silly ADD node_modules/mime-types
728 silly ADD node_modules/merge-descriptors
729 silly ADD node_modules/http-errors
730 silly ADD node_modules/fresh
731 silly ADD node_modules/finalhandler
732 silly ADD node_modules/etag
733 silly ADD node_modules/escape-html
734 silly ADD node_modules/encodeurl
735 silly ADD node_modules/debug
736 silly ADD node_modules/cookie-signature
737 silly ADD node_modules/cookie
738 silly ADD node_modules/content-type
739 silly ADD node_modules/content-disposition
740 silly ADD node_modules/body-parser
741 silly ADD node_modules/accepts
742 silly ADD node_modules/vary
743 silly ADD node_modules/object-assign
744 silly ADD node_modules/proxy-from-env
745 silly ADD node_modules/form-data
746 silly ADD node_modules/form-data/node_modules/mime-db
747 silly ADD node_modules/form-data/node_modules/mime-types
748 silly ADD node_modules/follow-redirects
749 silly ADD node_modules/express
750 silly ADD node_modules/dotenv
751 silly ADD node_modules/cors
752 silly ADD node_modules/axios
753 verbose cwd /Users/ken/Desktop/mrt-server
754 verbose os Darwin 25.1.0
755 verbose node v24.11.1
756 verbose npm  v11.6.2
757 verbose exit 0
758 info ok
