0 verbose cli /usr/local/bin/node /usr/local/bin/npm
1 info using npm@11.6.2
2 info using node@v24.11.1
3 silly config load:file:/usr/local/lib/node_modules/npm/npmrc
4 silly config load:file:/Users/ken/.npmrc
5 silly config load:file:/usr/local/etc/npmrc
6 verbose title npm init
7 verbose argv "init" "--yes"
8 verbose logfile logs-max:10 dir:/Users/ken/Desktop/mrt-server/.npm-cache/_logs/2025-11-25T13_49_25_903Z-
9 verbose logfile /Users/ken/Desktop/mrt-server/.npm-cache/_logs/2025-11-25T13_49_25_903Z-debug-0.log
10 silly logfile done cleaning log files
11 silly package data {
11 silly package data   name: 'mrt-server',
11 silly package data   version: '1.0.0',
11 silly package data   description: '',
11 silly package data   main: 'index.js',
11 silly package data   scripts: { test: 'echo "Error: no test specified" && exit 1' },
11 silly package data   keywords: [],
11 silly package data   author: '',
11 silly package data   license: 'ISC',
11 silly package data   type: 'commonjs'
11 silly package data }
12 verbose cwd /Users/ken/Desktop/mrt-server
13 verbose os Darwin 25.1.0
14 verbose node v24.11.1
15 verbose npm  v11.6.2
16 verbose exit 0
17 info ok
